<?xml version="1.0" encoding="UTF-8"?>
<testsuite xmlns:xsi="http://www.w3.org/2001/XMLSchema-instance" xsi:noNamespaceSchemaLocation="https://maven.apache.org/surefire/maven-surefire-plugin/xsd/surefire-test-report.xsd" name="com.ftb.lqp.kafkaclient.KafkaclientApplicationTests" time="6.207" tests="1" errors="0" skipped="0" failures="0">
  <properties>
    <property name="awt.toolkit" value="sun.awt.X11.XToolkit"/>
    <property name="file.encoding.pkg" value="sun.io"/>
    <property name="java.specification.version" value="1.8"/>
    <property name="sun.cpu.isalist" value=""/>
    <property name="sun.jnu.encoding" value="UTF-8"/>
    <property name="java.class.path" value="/home/ssm-user/Projects/kafkaclient/target/test-classes:/home/ssm-user/Projects/kafkaclient/target/classes:/root/.m2/repository/org/springframework/boot/spring-boot-starter-web/2.5.1/spring-boot-starter-web-2.5.1.jar:/root/.m2/repository/org/springframework/boot/spring-boot-starter/2.5.1/spring-boot-starter-2.5.1.jar:/root/.m2/repository/org/springframework/boot/spring-boot-starter-logging/2.5.1/spring-boot-starter-logging-2.5.1.jar:/root/.m2/repository/ch/qos/logback/logback-classic/1.2.3/logback-classic-1.2.3.jar:/root/.m2/repository/ch/qos/logback/logback-core/1.2.3/logback-core-1.2.3.jar:/root/.m2/repository/org/apache/logging/log4j/log4j-to-slf4j/2.14.1/log4j-to-slf4j-2.14.1.jar:/root/.m2/repository/org/apache/logging/log4j/log4j-api/2.14.1/log4j-api-2.14.1.jar:/root/.m2/repository/org/slf4j/jul-to-slf4j/1.7.30/jul-to-slf4j-1.7.30.jar:/root/.m2/repository/org/yaml/snakeyaml/1.28/snakeyaml-1.28.jar:/root/.m2/repository/org/springframework/boot/spring-boot-starter-json/2.5.1/spring-boot-starter-json-2.5.1.jar:/root/.m2/repository/com/fasterxml/jackson/core/jackson-databind/2.12.3/jackson-databind-2.12.3.jar:/root/.m2/repository/com/fasterxml/jackson/core/jackson-annotations/2.12.3/jackson-annotations-2.12.3.jar:/root/.m2/repository/com/fasterxml/jackson/core/jackson-core/2.12.3/jackson-core-2.12.3.jar:/root/.m2/repository/com/fasterxml/jackson/datatype/jackson-datatype-jdk8/2.12.3/jackson-datatype-jdk8-2.12.3.jar:/root/.m2/repository/com/fasterxml/jackson/datatype/jackson-datatype-jsr310/2.12.3/jackson-datatype-jsr310-2.12.3.jar:/root/.m2/repository/com/fasterxml/jackson/module/jackson-module-parameter-names/2.12.3/jackson-module-parameter-names-2.12.3.jar:/root/.m2/repository/org/springframework/spring-web/5.3.8/spring-web-5.3.8.jar:/root/.m2/repository/org/springframework/spring-beans/5.3.8/spring-beans-5.3.8.jar:/root/.m2/repository/org/springframework/spring-webmvc/5.3.8/spring-webmvc-5.3.8.jar:/root/.m2/repository/org/springframework/spring-expression/5.3.8/spring-expression-5.3.8.jar:/root/.m2/repository/org/apache/kafka/kafka-streams/2.7.1/kafka-streams-2.7.1.jar:/root/.m2/repository/org/apache/kafka/kafka-clients/2.7.1/kafka-clients-2.7.1.jar:/root/.m2/repository/com/github/luben/zstd-jni/1.4.5-6/zstd-jni-1.4.5-6.jar:/root/.m2/repository/org/lz4/lz4-java/1.7.1/lz4-java-1.7.1.jar:/root/.m2/repository/org/xerial/snappy/snappy-java/1.1.7.7/snappy-java-1.1.7.7.jar:/root/.m2/repository/org/apache/kafka/connect-json/2.7.1/connect-json-2.7.1.jar:/root/.m2/repository/org/apache/kafka/connect-api/2.7.1/connect-api-2.7.1.jar:/root/.m2/repository/org/slf4j/slf4j-api/1.7.30/slf4j-api-1.7.30.jar:/root/.m2/repository/org/rocksdb/rocksdbjni/5.18.4/rocksdbjni-5.18.4.jar:/root/.m2/repository/org/springframework/kafka/spring-kafka/2.7.2/spring-kafka-2.7.2.jar:/root/.m2/repository/org/springframework/spring-context/5.3.8/spring-context-5.3.8.jar:/root/.m2/repository/org/springframework/spring-messaging/5.3.8/spring-messaging-5.3.8.jar:/root/.m2/repository/org/springframework/spring-tx/5.3.8/spring-tx-5.3.8.jar:/root/.m2/repository/org/springframework/retry/spring-retry/1.3.1/spring-retry-1.3.1.jar:/root/.m2/repository/org/jetbrains/kotlin/kotlin-stdlib/1.5.10/kotlin-stdlib-1.5.10.jar:/root/.m2/repository/org/jetbrains/annotations/13.0/annotations-13.0.jar:/root/.m2/repository/org/jetbrains/kotlin/kotlin-stdlib-common/1.5.10/kotlin-stdlib-common-1.5.10.jar:/root/.m2/repository/com/google/code/findbugs/jsr305/3.0.2/jsr305-3.0.2.jar:/root/.m2/repository/org/springframework/boot/spring-boot-devtools/2.5.1/spring-boot-devtools-2.5.1.jar:/root/.m2/repository/org/springframework/boot/spring-boot/2.5.1/spring-boot-2.5.1.jar:/root/.m2/repository/org/springframework/boot/spring-boot-autoconfigure/2.5.1/spring-boot-autoconfigure-2.5.1.jar:/root/.m2/repository/org/springframework/boot/spring-boot-starter-tomcat/2.5.1/spring-boot-starter-tomcat-2.5.1.jar:/root/.m2/repository/jakarta/annotation/jakarta.annotation-api/1.3.5/jakarta.annotation-api-1.3.5.jar:/root/.m2/repository/org/apache/tomcat/embed/tomcat-embed-core/9.0.46/tomcat-embed-core-9.0.46.jar:/root/.m2/repository/org/apache/tomcat/embed/tomcat-embed-el/9.0.46/tomcat-embed-el-9.0.46.jar:/root/.m2/repository/org/apache/tomcat/embed/tomcat-embed-websocket/9.0.46/tomcat-embed-websocket-9.0.46.jar:/root/.m2/repository/org/springframework/boot/spring-boot-starter-test/2.5.1/spring-boot-starter-test-2.5.1.jar:/root/.m2/repository/org/springframework/boot/spring-boot-test/2.5.1/spring-boot-test-2.5.1.jar:/root/.m2/repository/org/springframework/boot/spring-boot-test-autoconfigure/2.5.1/spring-boot-test-autoconfigure-2.5.1.jar:/root/.m2/repository/com/jayway/jsonpath/json-path/2.5.0/json-path-2.5.0.jar:/root/.m2/repository/net/minidev/json-smart/2.4.7/json-smart-2.4.7.jar:/root/.m2/repository/net/minidev/accessors-smart/2.4.7/accessors-smart-2.4.7.jar:/root/.m2/repository/org/ow2/asm/asm/9.1/asm-9.1.jar:/root/.m2/repository/jakarta/xml/bind/jakarta.xml.bind-api/2.3.3/jakarta.xml.bind-api-2.3.3.jar:/root/.m2/repository/jakarta/activation/jakarta.activation-api/1.2.2/jakarta.activation-api-1.2.2.jar:/root/.m2/repository/org/assertj/assertj-core/3.19.0/assertj-core-3.19.0.jar:/root/.m2/repository/org/hamcrest/hamcrest/2.2/hamcrest-2.2.jar:/root/.m2/repository/org/junit/jupiter/junit-jupiter/5.7.2/junit-jupiter-5.7.2.jar:/root/.m2/repository/org/junit/jupiter/junit-jupiter-params/5.7.2/junit-jupiter-params-5.7.2.jar:/root/.m2/repository/org/junit/jupiter/junit-jupiter-engine/5.7.2/junit-jupiter-engine-5.7.2.jar:/root/.m2/repository/org/junit/platform/junit-platform-engine/1.7.2/junit-platform-engine-1.7.2.jar:/root/.m2/repository/org/mockito/mockito-core/3.9.0/mockito-core-3.9.0.jar:/root/.m2/repository/net/bytebuddy/byte-buddy/1.10.22/byte-buddy-1.10.22.jar:/root/.m2/repository/net/bytebuddy/byte-buddy-agent/1.10.22/byte-buddy-agent-1.10.22.jar:/root/.m2/repository/org/objenesis/objenesis/3.2/objenesis-3.2.jar:/root/.m2/repository/org/mockito/mockito-junit-jupiter/3.9.0/mockito-junit-jupiter-3.9.0.jar:/root/.m2/repository/org/skyscreamer/jsonassert/1.5.0/jsonassert-1.5.0.jar:/root/.m2/repository/com/vaadin/external/google/android-json/0.0.20131108.vaadin1/android-json-0.0.20131108.vaadin1.jar:/root/.m2/repository/org/springframework/spring-core/5.3.8/spring-core-5.3.8.jar:/root/.m2/repository/org/springframework/spring-jcl/5.3.8/spring-jcl-5.3.8.jar:/root/.m2/repository/org/springframework/spring-test/5.3.8/spring-test-5.3.8.jar:/root/.m2/repository/org/xmlunit/xmlunit-core/2.8.2/xmlunit-core-2.8.2.jar:/root/.m2/repository/org/springframework/kafka/spring-kafka-test/2.7.2/spring-kafka-test-2.7.2.jar:/root/.m2/repository/org/apache/kafka/kafka-clients/2.7.1/kafka-clients-2.7.1-test.jar:/root/.m2/repository/org/apache/kafka/kafka-streams-test-utils/2.7.1/kafka-streams-test-utils-2.7.1.jar:/root/.m2/repository/org/apache/kafka/kafka_2.13/2.7.1/kafka_2.13-2.7.1.jar:/root/.m2/repository/org/apache/kafka/kafka-raft/2.7.1/kafka-raft-2.7.1.jar:/root/.m2/repository/com/fasterxml/jackson/module/jackson-module-scala_2.13/2.12.3/jackson-module-scala_2.13-2.12.3.jar:/root/.m2/repository/com/thoughtworks/paranamer/paranamer/2.8/paranamer-2.8.jar:/root/.m2/repository/com/fasterxml/jackson/dataformat/jackson-dataformat-csv/2.12.3/jackson-dataformat-csv-2.12.3.jar:/root/.m2/repository/net/sf/jopt-simple/jopt-simple/5.0.4/jopt-simple-5.0.4.jar:/root/.m2/repository/com/yammer/metrics/metrics-core/2.2.0/metrics-core-2.2.0.jar:/root/.m2/repository/org/scala-lang/modules/scala-collection-compat_2.13/2.2.0/scala-collection-compat_2.13-2.2.0.jar:/root/.m2/repository/org/scala-lang/modules/scala-java8-compat_2.13/0.9.1/scala-java8-compat_2.13-0.9.1.jar:/root/.m2/repository/org/scala-lang/scala-library/2.13.3/scala-library-2.13.3.jar:/root/.m2/repository/org/scala-lang/scala-reflect/2.13.3/scala-reflect-2.13.3.jar:/root/.m2/repository/com/typesafe/scala-logging/scala-logging_2.13/3.9.2/scala-logging_2.13-3.9.2.jar:/root/.m2/repository/org/apache/zookeeper/zookeeper/3.5.9/zookeeper-3.5.9.jar:/root/.m2/repository/org/apache/zookeeper/zookeeper-jute/3.5.9/zookeeper-jute-3.5.9.jar:/root/.m2/repository/org/apache/yetus/audience-annotations/0.5.0/audience-annotations-0.5.0.jar:/root/.m2/repository/io/netty/netty-transport-native-epoll/4.1.65.Final/netty-transport-native-epoll-4.1.65.Final.jar:/root/.m2/repository/io/netty/netty-transport-native-unix-common/4.1.65.Final/netty-transport-native-unix-common-4.1.65.Final.jar:/root/.m2/repository/commons-cli/commons-cli/1.4/commons-cli-1.4.jar:/root/.m2/repository/org/apache/kafka/kafka_2.13/2.7.1/kafka_2.13-2.7.1-test.jar:/root/.m2/repository/org/junit/jupiter/junit-jupiter-api/5.7.2/junit-jupiter-api-5.7.2.jar:/root/.m2/repository/org/apiguardian/apiguardian-api/1.1.0/apiguardian-api-1.1.0.jar:/root/.m2/repository/org/opentest4j/opentest4j/1.2.0/opentest4j-1.2.0.jar:/root/.m2/repository/org/junit/platform/junit-platform-commons/1.7.2/junit-platform-commons-1.7.2.jar:/root/.m2/repository/org/springframework/boot/spring-boot-starter-data-redis/2.5.1/spring-boot-starter-data-redis-2.5.1.jar:/root/.m2/repository/io/lettuce/lettuce-core/6.1.2.RELEASE/lettuce-core-6.1.2.RELEASE.jar:/root/.m2/repository/io/netty/netty-common/4.1.65.Final/netty-common-4.1.65.Final.jar:/root/.m2/repository/io/netty/netty-handler/4.1.65.Final/netty-handler-4.1.65.Final.jar:/root/.m2/repository/io/netty/netty-resolver/4.1.65.Final/netty-resolver-4.1.65.Final.jar:/root/.m2/repository/io/netty/netty-buffer/4.1.65.Final/netty-buffer-4.1.65.Final.jar:/root/.m2/repository/io/netty/netty-codec/4.1.65.Final/netty-codec-4.1.65.Final.jar:/root/.m2/repository/io/netty/netty-transport/4.1.65.Final/netty-transport-4.1.65.Final.jar:/root/.m2/repository/io/projectreactor/reactor-core/3.4.6/reactor-core-3.4.6.jar:/root/.m2/repository/org/reactivestreams/reactive-streams/1.0.3/reactive-streams-1.0.3.jar:/root/.m2/repository/org/springframework/data/spring-data-redis/2.5.1/spring-data-redis-2.5.1.jar:/root/.m2/repository/org/springframework/data/spring-data-keyvalue/2.5.1/spring-data-keyvalue-2.5.1.jar:/root/.m2/repository/org/springframework/data/spring-data-commons/2.5.1/spring-data-commons-2.5.1.jar:/root/.m2/repository/org/springframework/spring-oxm/5.3.8/spring-oxm-5.3.8.jar:/root/.m2/repository/org/springframework/spring-aop/5.3.8/spring-aop-5.3.8.jar:/root/.m2/repository/org/springframework/spring-context-support/5.3.8/spring-context-support-5.3.8.jar:/root/.m2/repository/redis/clients/jedis/3.3.0/jedis-3.3.0.jar:/root/.m2/repository/org/apache/commons/commons-pool2/2.9.0/commons-pool2-2.9.0.jar:"/>
    <property name="java.vm.vendor" value="Red Hat, Inc."/>
    <property name="sun.arch.data.model" value="64"/>
    <property name="java.vendor.url" value="https://www.redhat.com/"/>
    <property name="user.timezone" value=""/>
    <property name="java.vm.specification.version" value="1.8"/>
    <property name="os.name" value="Linux"/>
    <property name="user.country" value="US"/>
    <property name="sun.java.launcher" value="SUN_STANDARD"/>
    <property name="sun.boot.library.path" value="/usr/lib/jvm/java-1.8.0-openjdk-1.8.0.282.b08-1.amzn2.0.1.x86_64/jre/lib/amd64"/>
    <property name="sun.java.command" value="/home/ssm-user/Projects/kafkaclient/target/surefire/surefirebooter7674456119329271708.jar /home/ssm-user/Projects/kafkaclient/target/surefire 2021-06-20T13-56-19_421-jvmRun1 surefire8428509981273796127tmp surefire_02593566285141773020tmp"/>
    <property name="surefire.test.class.path" value="/home/ssm-user/Projects/kafkaclient/target/test-classes:/home/ssm-user/Projects/kafkaclient/target/classes:/root/.m2/repository/org/springframework/boot/spring-boot-starter-web/2.5.1/spring-boot-starter-web-2.5.1.jar:/root/.m2/repository/org/springframework/boot/spring-boot-starter/2.5.1/spring-boot-starter-2.5.1.jar:/root/.m2/repository/org/springframework/boot/spring-boot-starter-logging/2.5.1/spring-boot-starter-logging-2.5.1.jar:/root/.m2/repository/ch/qos/logback/logback-classic/1.2.3/logback-classic-1.2.3.jar:/root/.m2/repository/ch/qos/logback/logback-core/1.2.3/logback-core-1.2.3.jar:/root/.m2/repository/org/apache/logging/log4j/log4j-to-slf4j/2.14.1/log4j-to-slf4j-2.14.1.jar:/root/.m2/repository/org/apache/logging/log4j/log4j-api/2.14.1/log4j-api-2.14.1.jar:/root/.m2/repository/org/slf4j/jul-to-slf4j/1.7.30/jul-to-slf4j-1.7.30.jar:/root/.m2/repository/org/yaml/snakeyaml/1.28/snakeyaml-1.28.jar:/root/.m2/repository/org/springframework/boot/spring-boot-starter-json/2.5.1/spring-boot-starter-json-2.5.1.jar:/root/.m2/repository/com/fasterxml/jackson/core/jackson-databind/2.12.3/jackson-databind-2.12.3.jar:/root/.m2/repository/com/fasterxml/jackson/core/jackson-annotations/2.12.3/jackson-annotations-2.12.3.jar:/root/.m2/repository/com/fasterxml/jackson/core/jackson-core/2.12.3/jackson-core-2.12.3.jar:/root/.m2/repository/com/fasterxml/jackson/datatype/jackson-datatype-jdk8/2.12.3/jackson-datatype-jdk8-2.12.3.jar:/root/.m2/repository/com/fasterxml/jackson/datatype/jackson-datatype-jsr310/2.12.3/jackson-datatype-jsr310-2.12.3.jar:/root/.m2/repository/com/fasterxml/jackson/module/jackson-module-parameter-names/2.12.3/jackson-module-parameter-names-2.12.3.jar:/root/.m2/repository/org/springframework/spring-web/5.3.8/spring-web-5.3.8.jar:/root/.m2/repository/org/springframework/spring-beans/5.3.8/spring-beans-5.3.8.jar:/root/.m2/repository/org/springframework/spring-webmvc/5.3.8/spring-webmvc-5.3.8.jar:/root/.m2/repository/org/springframework/spring-expression/5.3.8/spring-expression-5.3.8.jar:/root/.m2/repository/org/apache/kafka/kafka-streams/2.7.1/kafka-streams-2.7.1.jar:/root/.m2/repository/org/apache/kafka/kafka-clients/2.7.1/kafka-clients-2.7.1.jar:/root/.m2/repository/com/github/luben/zstd-jni/1.4.5-6/zstd-jni-1.4.5-6.jar:/root/.m2/repository/org/lz4/lz4-java/1.7.1/lz4-java-1.7.1.jar:/root/.m2/repository/org/xerial/snappy/snappy-java/1.1.7.7/snappy-java-1.1.7.7.jar:/root/.m2/repository/org/apache/kafka/connect-json/2.7.1/connect-json-2.7.1.jar:/root/.m2/repository/org/apache/kafka/connect-api/2.7.1/connect-api-2.7.1.jar:/root/.m2/repository/org/slf4j/slf4j-api/1.7.30/slf4j-api-1.7.30.jar:/root/.m2/repository/org/rocksdb/rocksdbjni/5.18.4/rocksdbjni-5.18.4.jar:/root/.m2/repository/org/springframework/kafka/spring-kafka/2.7.2/spring-kafka-2.7.2.jar:/root/.m2/repository/org/springframework/spring-context/5.3.8/spring-context-5.3.8.jar:/root/.m2/repository/org/springframework/spring-messaging/5.3.8/spring-messaging-5.3.8.jar:/root/.m2/repository/org/springframework/spring-tx/5.3.8/spring-tx-5.3.8.jar:/root/.m2/repository/org/springframework/retry/spring-retry/1.3.1/spring-retry-1.3.1.jar:/root/.m2/repository/org/jetbrains/kotlin/kotlin-stdlib/1.5.10/kotlin-stdlib-1.5.10.jar:/root/.m2/repository/org/jetbrains/annotations/13.0/annotations-13.0.jar:/root/.m2/repository/org/jetbrains/kotlin/kotlin-stdlib-common/1.5.10/kotlin-stdlib-common-1.5.10.jar:/root/.m2/repository/com/google/code/findbugs/jsr305/3.0.2/jsr305-3.0.2.jar:/root/.m2/repository/org/springframework/boot/spring-boot-devtools/2.5.1/spring-boot-devtools-2.5.1.jar:/root/.m2/repository/org/springframework/boot/spring-boot/2.5.1/spring-boot-2.5.1.jar:/root/.m2/repository/org/springframework/boot/spring-boot-autoconfigure/2.5.1/spring-boot-autoconfigure-2.5.1.jar:/root/.m2/repository/org/springframework/boot/spring-boot-starter-tomcat/2.5.1/spring-boot-starter-tomcat-2.5.1.jar:/root/.m2/repository/jakarta/annotation/jakarta.annotation-api/1.3.5/jakarta.annotation-api-1.3.5.jar:/root/.m2/repository/org/apache/tomcat/embed/tomcat-embed-core/9.0.46/tomcat-embed-core-9.0.46.jar:/root/.m2/repository/org/apache/tomcat/embed/tomcat-embed-el/9.0.46/tomcat-embed-el-9.0.46.jar:/root/.m2/repository/org/apache/tomcat/embed/tomcat-embed-websocket/9.0.46/tomcat-embed-websocket-9.0.46.jar:/root/.m2/repository/org/springframework/boot/spring-boot-starter-test/2.5.1/spring-boot-starter-test-2.5.1.jar:/root/.m2/repository/org/springframework/boot/spring-boot-test/2.5.1/spring-boot-test-2.5.1.jar:/root/.m2/repository/org/springframework/boot/spring-boot-test-autoconfigure/2.5.1/spring-boot-test-autoconfigure-2.5.1.jar:/root/.m2/repository/com/jayway/jsonpath/json-path/2.5.0/json-path-2.5.0.jar:/root/.m2/repository/net/minidev/json-smart/2.4.7/json-smart-2.4.7.jar:/root/.m2/repository/net/minidev/accessors-smart/2.4.7/accessors-smart-2.4.7.jar:/root/.m2/repository/org/ow2/asm/asm/9.1/asm-9.1.jar:/root/.m2/repository/jakarta/xml/bind/jakarta.xml.bind-api/2.3.3/jakarta.xml.bind-api-2.3.3.jar:/root/.m2/repository/jakarta/activation/jakarta.activation-api/1.2.2/jakarta.activation-api-1.2.2.jar:/root/.m2/repository/org/assertj/assertj-core/3.19.0/assertj-core-3.19.0.jar:/root/.m2/repository/org/hamcrest/hamcrest/2.2/hamcrest-2.2.jar:/root/.m2/repository/org/junit/jupiter/junit-jupiter/5.7.2/junit-jupiter-5.7.2.jar:/root/.m2/repository/org/junit/jupiter/junit-jupiter-params/5.7.2/junit-jupiter-params-5.7.2.jar:/root/.m2/repository/org/junit/jupiter/junit-jupiter-engine/5.7.2/junit-jupiter-engine-5.7.2.jar:/root/.m2/repository/org/junit/platform/junit-platform-engine/1.7.2/junit-platform-engine-1.7.2.jar:/root/.m2/repository/org/mockito/mockito-core/3.9.0/mockito-core-3.9.0.jar:/root/.m2/repository/net/bytebuddy/byte-buddy/1.10.22/byte-buddy-1.10.22.jar:/root/.m2/repository/net/bytebuddy/byte-buddy-agent/1.10.22/byte-buddy-agent-1.10.22.jar:/root/.m2/repository/org/objenesis/objenesis/3.2/objenesis-3.2.jar:/root/.m2/repository/org/mockito/mockito-junit-jupiter/3.9.0/mockito-junit-jupiter-3.9.0.jar:/root/.m2/repository/org/skyscreamer/jsonassert/1.5.0/jsonassert-1.5.0.jar:/root/.m2/repository/com/vaadin/external/google/android-json/0.0.20131108.vaadin1/android-json-0.0.20131108.vaadin1.jar:/root/.m2/repository/org/springframework/spring-core/5.3.8/spring-core-5.3.8.jar:/root/.m2/repository/org/springframework/spring-jcl/5.3.8/spring-jcl-5.3.8.jar:/root/.m2/repository/org/springframework/spring-test/5.3.8/spring-test-5.3.8.jar:/root/.m2/repository/org/xmlunit/xmlunit-core/2.8.2/xmlunit-core-2.8.2.jar:/root/.m2/repository/org/springframework/kafka/spring-kafka-test/2.7.2/spring-kafka-test-2.7.2.jar:/root/.m2/repository/org/apache/kafka/kafka-clients/2.7.1/kafka-clients-2.7.1-test.jar:/root/.m2/repository/org/apache/kafka/kafka-streams-test-utils/2.7.1/kafka-streams-test-utils-2.7.1.jar:/root/.m2/repository/org/apache/kafka/kafka_2.13/2.7.1/kafka_2.13-2.7.1.jar:/root/.m2/repository/org/apache/kafka/kafka-raft/2.7.1/kafka-raft-2.7.1.jar:/root/.m2/repository/com/fasterxml/jackson/module/jackson-module-scala_2.13/2.12.3/jackson-module-scala_2.13-2.12.3.jar:/root/.m2/repository/com/thoughtworks/paranamer/paranamer/2.8/paranamer-2.8.jar:/root/.m2/repository/com/fasterxml/jackson/dataformat/jackson-dataformat-csv/2.12.3/jackson-dataformat-csv-2.12.3.jar:/root/.m2/repository/net/sf/jopt-simple/jopt-simple/5.0.4/jopt-simple-5.0.4.jar:/root/.m2/repository/com/yammer/metrics/metrics-core/2.2.0/metrics-core-2.2.0.jar:/root/.m2/repository/org/scala-lang/modules/scala-collection-compat_2.13/2.2.0/scala-collection-compat_2.13-2.2.0.jar:/root/.m2/repository/org/scala-lang/modules/scala-java8-compat_2.13/0.9.1/scala-java8-compat_2.13-0.9.1.jar:/root/.m2/repository/org/scala-lang/scala-library/2.13.3/scala-library-2.13.3.jar:/root/.m2/repository/org/scala-lang/scala-reflect/2.13.3/scala-reflect-2.13.3.jar:/root/.m2/repository/com/typesafe/scala-logging/scala-logging_2.13/3.9.2/scala-logging_2.13-3.9.2.jar:/root/.m2/repository/org/apache/zookeeper/zookeeper/3.5.9/zookeeper-3.5.9.jar:/root/.m2/repository/org/apache/zookeeper/zookeeper-jute/3.5.9/zookeeper-jute-3.5.9.jar:/root/.m2/repository/org/apache/yetus/audience-annotations/0.5.0/audience-annotations-0.5.0.jar:/root/.m2/repository/io/netty/netty-transport-native-epoll/4.1.65.Final/netty-transport-native-epoll-4.1.65.Final.jar:/root/.m2/repository/io/netty/netty-transport-native-unix-common/4.1.65.Final/netty-transport-native-unix-common-4.1.65.Final.jar:/root/.m2/repository/commons-cli/commons-cli/1.4/commons-cli-1.4.jar:/root/.m2/repository/org/apache/kafka/kafka_2.13/2.7.1/kafka_2.13-2.7.1-test.jar:/root/.m2/repository/org/junit/jupiter/junit-jupiter-api/5.7.2/junit-jupiter-api-5.7.2.jar:/root/.m2/repository/org/apiguardian/apiguardian-api/1.1.0/apiguardian-api-1.1.0.jar:/root/.m2/repository/org/opentest4j/opentest4j/1.2.0/opentest4j-1.2.0.jar:/root/.m2/repository/org/junit/platform/junit-platform-commons/1.7.2/junit-platform-commons-1.7.2.jar:/root/.m2/repository/org/springframework/boot/spring-boot-starter-data-redis/2.5.1/spring-boot-starter-data-redis-2.5.1.jar:/root/.m2/repository/io/lettuce/lettuce-core/6.1.2.RELEASE/lettuce-core-6.1.2.RELEASE.jar:/root/.m2/repository/io/netty/netty-common/4.1.65.Final/netty-common-4.1.65.Final.jar:/root/.m2/repository/io/netty/netty-handler/4.1.65.Final/netty-handler-4.1.65.Final.jar:/root/.m2/repository/io/netty/netty-resolver/4.1.65.Final/netty-resolver-4.1.65.Final.jar:/root/.m2/repository/io/netty/netty-buffer/4.1.65.Final/netty-buffer-4.1.65.Final.jar:/root/.m2/repository/io/netty/netty-codec/4.1.65.Final/netty-codec-4.1.65.Final.jar:/root/.m2/repository/io/netty/netty-transport/4.1.65.Final/netty-transport-4.1.65.Final.jar:/root/.m2/repository/io/projectreactor/reactor-core/3.4.6/reactor-core-3.4.6.jar:/root/.m2/repository/org/reactivestreams/reactive-streams/1.0.3/reactive-streams-1.0.3.jar:/root/.m2/repository/org/springframework/data/spring-data-redis/2.5.1/spring-data-redis-2.5.1.jar:/root/.m2/repository/org/springframework/data/spring-data-keyvalue/2.5.1/spring-data-keyvalue-2.5.1.jar:/root/.m2/repository/org/springframework/data/spring-data-commons/2.5.1/spring-data-commons-2.5.1.jar:/root/.m2/repository/org/springframework/spring-oxm/5.3.8/spring-oxm-5.3.8.jar:/root/.m2/repository/org/springframework/spring-aop/5.3.8/spring-aop-5.3.8.jar:/root/.m2/repository/org/springframework/spring-context-support/5.3.8/spring-context-support-5.3.8.jar:/root/.m2/repository/redis/clients/jedis/3.3.0/jedis-3.3.0.jar:/root/.m2/repository/org/apache/commons/commons-pool2/2.9.0/commons-pool2-2.9.0.jar:"/>
    <property name="sun.cpu.endian" value="little"/>
    <property name="user.home" value="/root"/>
    <property name="user.language" value="en"/>
    <property name="java.specification.vendor" value="Oracle Corporation"/>
    <property name="java.home" value="/usr/lib/jvm/java-1.8.0-openjdk-1.8.0.282.b08-1.amzn2.0.1.x86_64/jre"/>
    <property name="basedir" value="/home/ssm-user/Projects/kafkaclient"/>
    <property name="file.separator" value="/"/>
    <property name="line.separator" value="&#10;"/>
    <property name="java.vm.specification.vendor" value="Oracle Corporation"/>
    <property name="java.specification.name" value="Java Platform API Specification"/>
    <property name="java.awt.graphicsenv" value="sun.awt.X11GraphicsEnvironment"/>
    <property name="surefire.real.class.path" value="/home/ssm-user/Projects/kafkaclient/target/surefire/surefirebooter7674456119329271708.jar"/>
    <property name="sun.boot.class.path" value="/usr/lib/jvm/java-1.8.0-openjdk-1.8.0.282.b08-1.amzn2.0.1.x86_64/jre/lib/resources.jar:/usr/lib/jvm/java-1.8.0-openjdk-1.8.0.282.b08-1.amzn2.0.1.x86_64/jre/lib/rt.jar:/usr/lib/jvm/java-1.8.0-openjdk-1.8.0.282.b08-1.amzn2.0.1.x86_64/jre/lib/sunrsasign.jar:/usr/lib/jvm/java-1.8.0-openjdk-1.8.0.282.b08-1.amzn2.0.1.x86_64/jre/lib/jsse.jar:/usr/lib/jvm/java-1.8.0-openjdk-1.8.0.282.b08-1.amzn2.0.1.x86_64/jre/lib/jce.jar:/usr/lib/jvm/java-1.8.0-openjdk-1.8.0.282.b08-1.amzn2.0.1.x86_64/jre/lib/charsets.jar:/usr/lib/jvm/java-1.8.0-openjdk-1.8.0.282.b08-1.amzn2.0.1.x86_64/jre/lib/jfr.jar:/usr/lib/jvm/java-1.8.0-openjdk-1.8.0.282.b08-1.amzn2.0.1.x86_64/jre/classes"/>
    <property name="sun.management.compiler" value="HotSpot 64-Bit Tiered Compilers"/>
    <property name="java.runtime.version" value="1.8.0_282-b08"/>
    <property name="user.name" value="root"/>
    <property name="path.separator" value=":"/>
    <property name="os.version" value="4.14.232-176.381.amzn2.x86_64"/>
    <property name="java.endorsed.dirs" value="/usr/lib/jvm/java-1.8.0-openjdk-1.8.0.282.b08-1.amzn2.0.1.x86_64/jre/lib/endorsed"/>
    <property name="java.runtime.name" value="OpenJDK Runtime Environment"/>
    <property name="file.encoding" value="UTF-8"/>
    <property name="java.vm.name" value="OpenJDK 64-Bit Server VM"/>
    <property name="localRepository" value="/root/.m2/repository"/>
    <property name="java.vendor.url.bug" value="https://forums.aws.amazon.com/"/>
    <property name="java.io.tmpdir" value="/tmp"/>
    <property name="java.version" value="1.8.0_282"/>
    <property name="user.dir" value="/home/ssm-user/Projects/kafkaclient"/>
    <property name="os.arch" value="amd64"/>
    <property name="java.vm.specification.name" value="Java Virtual Machine Specification"/>
    <property name="java.awt.printerjob" value="sun.print.PSPrinterJob"/>
    <property name="sun.os.patch.level" value="unknown"/>
    <property name="java.library.path" value="/usr/java/packages/lib/amd64:/usr/lib64:/lib64:/lib:/usr/lib"/>
    <property name="java.vm.info" value="mixed mode"/>
    <property name="java.vendor" value="Red Hat, Inc."/>
    <property name="java.vm.version" value="25.282-b08"/>
    <property name="java.ext.dirs" value="/usr/lib/jvm/java-1.8.0-openjdk-1.8.0.282.b08-1.amzn2.0.1.x86_64/jre/lib/ext:/usr/java/packages/lib/ext"/>
    <property name="sun.io.unicode.encoding" value="UnicodeLittle"/>
    <property name="java.class.version" value="52.0"/>
  </properties>
  <testcase name="contextLoads" classname="com.ftb.lqp.kafkaclient.KafkaclientApplicationTests" time="0.355"/>
</testsuite>